<?xml version="1.0" encoding="UTF-8"?>
<!-- Generated by org.testng.reporters.JUnitXMLReporter -->
<testsuite hostname="mas-PC" ignored="0" name="Test" tests="5" failures="0" timestamp="2022-05-28T14:12:27 IST" time="0.078" errors="0">
  <testcase name="test5" time="0.0" classname="grouping.Smoke"/>
  <testcase name="test2" time="0.0" classname="grouping.Smoke"/>
  <testcase name="test1" time="0.0" classname="grouping.Smoke"/>
  <testcase name="test3" time="0.016" classname="grouping.Smoke"/>
  <testcase name="test4" time="0.0" classname="grouping.Smoke"/>
</testsuite> <!-- Test -->
