<?xml version="1.0" encoding="UTF-8"?>
<!-- Generated by org.testng.reporters.JUnitXMLReporter -->
<testsuite hostname="mas-PC" ignored="0" name="Default test" tests="5" failures="0" timestamp="2022-05-28T13:35:11 IST" time="0.111" errors="0">
  <testcase name="test1" time="0.01" classname="grouping.Smoke"/>
  <testcase name="test2" time="0.002" classname="grouping.Smoke"/>
  <testcase name="test3" time="0.001" classname="grouping.Smoke"/>
  <testcase name="test4" time="0.002" classname="grouping.Smoke"/>
  <testcase name="test5" time="0.002" classname="grouping.Smoke"/>
</testsuite> <!-- Default test -->
